<?xml version="1.0" encoding="UTF-8"?>
<!-- Generated by org.testng.reporters.JUnitReportReporter -->
<testsuite skipped="0" hostname="LMIPL-131" name="validations.AnalyticsTest" tests="1" failures="0" timestamp="24 Mar 2020 12:20:48 GMT" time="7.018" errors="0">
  <testcase name="verifyAnalyticsPage" time="7.018" classname="validations.AnalyticsTest"/>
</testsuite> <!-- validations.AnalyticsTest -->
