<?xml version="1.0" encoding="UTF-8"?>
<!-- Generated by org.testng.reporters.JUnitReportReporter -->
<testsuite skipped="0" hostname="LMIPL-131" name="validations.DataWarehousePage" tests="1" failures="0" timestamp="23 Mar 2020 13:19:59 GMT" time="6.478" errors="0">
  <testcase name="verifyDataSolutionsPage" time="6.478" classname="validations.DataWarehousePage"/>
</testsuite> <!-- validations.DataWarehousePage -->
