<?xml version="1.0" encoding="UTF-8"?>
<!-- Generated by org.testng.reporters.JUnitReportReporter -->
<testsuite skipped="1" hostname="LMIPL-131" name="validations.CloudSolutionsTest" tests="1" failures="0" timestamp="2020-03-26T15:42:08 IST" time="0.000" errors="0">
  <testcase name="verifyCloudSolutionsPage" time="0.000" classname="validations.CloudSolutionsTest">
    <skipped/>
  </testcase> <!-- verifyCloudSolutionsPage -->
  <system-out/>
</testsuite> <!-- validations.CloudSolutionsTest -->
