<?xml version="1.0" encoding="UTF-8"?>
<!-- Generated by org.testng.reporters.JUnitReportReporter -->
<testsuite skipped="0" hostname="LMIPL-131" name="validations.CloudSolutionsTest" tests="1" failures="0" timestamp="24 Mar 2020 12:20:48 GMT" time="6.883" errors="0">
  <testcase name="verifyCloudSolutionsPage" time="6.883" classname="validations.CloudSolutionsTest"/>
</testsuite> <!-- validations.CloudSolutionsTest -->
